#-----------------------------------------------------------
# Vivado v2018.3 (64-bit)
# SW Build 2405991 on Thu Dec  6 23:38:27 MST 2018
# IP Build 2404404 on Fri Dec  7 01:43:56 MST 2018
# Start of session at: Sat May 15 14:26:37 2021
# Process ID: 10284
# Current directory: C:/Users/ZoeLee/Desktop/division
# Command line: vivado.exe -gui_launcher_event rodinguilauncherevent20700 C:\Users\ZoeLee\Desktop\division\division.xpr
# Log file: C:/Users/ZoeLee/Desktop/division/vivado.log
# Journal file: C:/Users/ZoeLee/Desktop/division\vivado.jou
#-----------------------------------------------------------
start_gui
open_project C:/Users/ZoeLee/Desktop/division/division.xpr
INFO: [Project 1-313] Project file moved from 'C:/Users/Administrator/Desktop/division' since last save.
Scanning sources...
Finished scanning sources
INFO: [IP_Flow 19-234] Refreshing IP repositories
INFO: [IP_Flow 19-1704] No user IP repositories specified
INFO: [IP_Flow 19-2313] Loaded Vivado IP repository 'E:/Xilinx/Vivado/2018.3/data/ip'.
update_compile_order -fileset sources_1
launch_simulation
INFO: [Vivado 12-5682] Launching behavioral simulation in 'C:/Users/ZoeLee/Desktop/division/division.sim/sim_1/behav/xsim'
INFO: [SIM-utils-51] Simulation object is 'sim_1'
INFO: [SIM-utils-54] Inspecting design source files for 'top_sim' in fileset 'sim_1'...
INFO: [USF-XSim-97] Finding global include files...
INFO: [USF-XSim-98] Fetching design files from 'sim_1'...
INFO: [USF-XSim-2] XSim::Compile design
INFO: [USF-XSim-61] Executing 'COMPILE and ANALYZE' step in 'C:/Users/ZoeLee/Desktop/division/division.sim/sim_1/behav/xsim'
"xvlog --incr --relax -prj top_sim_vlog.prj"
INFO: [VRFC 10-2263] Analyzing Verilog file "C:/Users/ZoeLee/Desktop/division/division.srcs/sources_1/new/div_as.v" into library xil_defaultlib
INFO: [VRFC 10-311] analyzing module div_as
INFO: [VRFC 10-2263] Analyzing Verilog file "C:/Users/ZoeLee/Desktop/division/division.srcs/sources_1/new/div_rr.v" into library xil_defaultlib
INFO: [VRFC 10-311] analyzing module div_rr
INFO: [VRFC 10-2263] Analyzing Verilog file "C:/Users/ZoeLee/Desktop/division/division.srcs/sources_1/new/top.v" into library xil_defaultlib
INFO: [VRFC 10-311] analyzing module top
INFO: [VRFC 10-2263] Analyzing Verilog file "C:/Users/ZoeLee/Desktop/division/division.srcs/sim_1/new/top_sim.v" into library xil_defaultlib
INFO: [VRFC 10-311] analyzing module top_sim
INFO: [USF-XSim-69] 'compile' step finished in '1' seconds
INFO: [USF-XSim-3] XSim::Elaborate design
INFO: [USF-XSim-61] Executing 'ELABORATE' step in 'C:/Users/ZoeLee/Desktop/division/division.sim/sim_1/behav/xsim'
Vivado Simulator 2018.3
Copyright 1986-1999, 2001-2018 Xilinx, Inc. All Rights Reserved.
Running: E:/Xilinx/Vivado/2018.3/bin/unwrapped/win64.o/xelab.exe -wto 762f441930634bfc8de1d5f2052d4836 --incr --debug typical --relax --mt 2 -L xil_defaultlib -L unisims_ver -L unimacro_ver -L secureip --snapshot top_sim_behav xil_defaultlib.top_sim xil_defaultlib.glbl -log elaborate.log 
Using 2 slave threads.
Starting static elaboration
Completed static elaboration
Starting simulation data flow analysis
Completed simulation data flow analysis
Time Resolution for simulation is 1ps
Compiling module xil_defaultlib.div_rr
Compiling module xil_defaultlib.div_as
Compiling module xil_defaultlib.top
Compiling module xil_defaultlib.top_sim
Compiling module xil_defaultlib.glbl
Built simulation snapshot top_sim_behav

****** Webtalk v2018.3 (64-bit)
  **** SW Build 2405991 on Thu Dec  6 23:38:27 MST 2018
  **** IP Build 2404404 on Fri Dec  7 01:43:56 MST 2018
    ** Copyright 1986-2018 Xilinx, Inc. All Rights Reserved.

source C:/Users/ZoeLee/Desktop/division/division.sim/sim_1/behav/xsim/xsim.dir/top_sim_behav/webtalk/xsim_webtalk.tcl -notrace
INFO: [Common 17-206] Exiting Webtalk at Sat May 15 14:27:44 2021...
INFO: [USF-XSim-69] 'elaborate' step finished in '3' seconds
INFO: [USF-XSim-4] XSim::Simulate design
INFO: [USF-XSim-61] Executing 'SIMULATE' step in 'C:/Users/ZoeLee/Desktop/division/division.sim/sim_1/behav/xsim'
INFO: [USF-XSim-98] *** Running xsim
   with args "top_sim_behav -key {Behavioral:sim_1:Functional:top_sim} -tclbatch {top_sim.tcl} -log {simulate.log}"
INFO: [USF-XSim-8] Loading simulator feature
Vivado Simulator 2018.3
Time resolution is 1 ps
source top_sim.tcl
# set curr_wave [current_wave_config]
# if { [string length $curr_wave] == 0 } {
#   if { [llength [get_objects]] > 0} {
#     add_wave /
#     set_property needs_save false [current_wave_config]
#   } else {
#      send_msg_id Add_Wave-1 WARNING "No top level signals found. Simulator will start without a wave window. If you want to open a wave window go to 'File->New Waveform Configuration' or type 'create_wave_config' in the TCL console."
#   }
# }
# run 1000ns
INFO: [USF-XSim-96] XSim completed. Design snapshot 'top_sim_behav' loaded.
INFO: [USF-XSim-97] XSim simulation ran for 1000ns
launch_simulation: Time (s): cpu = 00:00:05 ; elapsed = 00:00:06 . Memory (MB): peak = 805.320 ; gain = 13.855
relaunch_sim
INFO: [Vivado 12-5682] Launching behavioral simulation in 'C:/Users/ZoeLee/Desktop/division/division.sim/sim_1/behav/xsim'
INFO: [SIM-utils-51] Simulation object is 'sim_1'
INFO: [SIM-utils-54] Inspecting design source files for 'top_sim' in fileset 'sim_1'...
INFO: [USF-XSim-97] Finding global include files...
INFO: [USF-XSim-98] Fetching design files from 'sim_1'...
INFO: [USF-XSim-2] XSim::Compile design
INFO: [USF-XSim-61] Executing 'COMPILE and ANALYZE' step in 'C:/Users/ZoeLee/Desktop/division/division.sim/sim_1/behav/xsim'
"xvlog --incr --relax -prj top_sim_vlog.prj"
INFO: [VRFC 10-2263] Analyzing Verilog file "C:/Users/ZoeLee/Desktop/division/division.srcs/sources_1/new/div_as.v" into library xil_defaultlib
INFO: [VRFC 10-311] analyzing module div_as
INFO: [VRFC 10-2263] Analyzing Verilog file "C:/Users/ZoeLee/Desktop/division/division.srcs/sources_1/new/div_rr.v" into library xil_defaultlib
INFO: [VRFC 10-311] analyzing module div_rr
INFO: [VRFC 10-2263] Analyzing Verilog file "C:/Users/ZoeLee/Desktop/division/division.srcs/sources_1/new/top.v" into library xil_defaultlib
INFO: [VRFC 10-311] analyzing module top
INFO: [VRFC 10-2263] Analyzing Verilog file "C:/Users/ZoeLee/Desktop/division/division.srcs/sim_1/new/top_sim.v" into library xil_defaultlib
INFO: [VRFC 10-311] analyzing module top_sim
INFO: [USF-XSim-69] 'compile' step finished in '1' seconds
INFO: [Vivado 12-5682] Launching behavioral simulation in 'C:/Users/ZoeLee/Desktop/division/division.sim/sim_1/behav/xsim'
INFO: [USF-XSim-3] XSim::Elaborate design
INFO: [USF-XSim-61] Executing 'ELABORATE' step in 'C:/Users/ZoeLee/Desktop/division/division.sim/sim_1/behav/xsim'
Vivado Simulator 2018.3
Copyright 1986-1999, 2001-2018 Xilinx, Inc. All Rights Reserved.
Running: E:/Xilinx/Vivado/2018.3/bin/unwrapped/win64.o/xelab.exe -wto 762f441930634bfc8de1d5f2052d4836 --incr --debug typical --relax --mt 2 -L xil_defaultlib -L unisims_ver -L unimacro_ver -L secureip --snapshot top_sim_behav xil_defaultlib.top_sim xil_defaultlib.glbl -log elaborate.log 
Using 2 slave threads.
Starting static elaboration
Completed static elaboration
Starting simulation data flow analysis
Completed simulation data flow analysis
Time Resolution for simulation is 1ps
Compiling module xil_defaultlib.div_rr
Compiling module xil_defaultlib.div_as
Compiling module xil_defaultlib.top
Compiling module xil_defaultlib.top_sim
Compiling module xil_defaultlib.glbl
Built simulation snapshot top_sim_behav
INFO: [USF-XSim-69] 'elaborate' step finished in '1' seconds
Vivado Simulator 2018.3
Time resolution is 1 ps
relaunch_sim
INFO: [Vivado 12-5682] Launching behavioral simulation in 'C:/Users/ZoeLee/Desktop/division/division.sim/sim_1/behav/xsim'
INFO: [SIM-utils-51] Simulation object is 'sim_1'
INFO: [SIM-utils-54] Inspecting design source files for 'top_sim' in fileset 'sim_1'...
INFO: [USF-XSim-97] Finding global include files...
INFO: [USF-XSim-98] Fetching design files from 'sim_1'...
INFO: [USF-XSim-2] XSim::Compile design
INFO: [USF-XSim-61] Executing 'COMPILE and ANALYZE' step in 'C:/Users/ZoeLee/Desktop/division/division.sim/sim_1/behav/xsim'
"xvlog --incr --relax -prj top_sim_vlog.prj"
INFO: [VRFC 10-2263] Analyzing Verilog file "C:/Users/ZoeLee/Desktop/division/division.srcs/sources_1/new/div_as.v" into library xil_defaultlib
INFO: [VRFC 10-311] analyzing module div_as
INFO: [VRFC 10-2263] Analyzing Verilog file "C:/Users/ZoeLee/Desktop/division/division.srcs/sources_1/new/div_rr.v" into library xil_defaultlib
INFO: [VRFC 10-311] analyzing module div_rr
INFO: [VRFC 10-2263] Analyzing Verilog file "C:/Users/ZoeLee/Desktop/division/division.srcs/sources_1/new/top.v" into library xil_defaultlib
INFO: [VRFC 10-311] analyzing module top
INFO: [VRFC 10-2263] Analyzing Verilog file "C:/Users/ZoeLee/Desktop/division/division.srcs/sim_1/new/top_sim.v" into library xil_defaultlib
INFO: [VRFC 10-311] analyzing module top_sim
INFO: [USF-XSim-69] 'compile' step finished in '1' seconds
INFO: [Vivado 12-5682] Launching behavioral simulation in 'C:/Users/ZoeLee/Desktop/division/division.sim/sim_1/behav/xsim'
INFO: [USF-XSim-3] XSim::Elaborate design
INFO: [USF-XSim-61] Executing 'ELABORATE' step in 'C:/Users/ZoeLee/Desktop/division/division.sim/sim_1/behav/xsim'
Vivado Simulator 2018.3
Copyright 1986-1999, 2001-2018 Xilinx, Inc. All Rights Reserved.
Running: E:/Xilinx/Vivado/2018.3/bin/unwrapped/win64.o/xelab.exe -wto 762f441930634bfc8de1d5f2052d4836 --incr --debug typical --relax --mt 2 -L xil_defaultlib -L unisims_ver -L unimacro_ver -L secureip --snapshot top_sim_behav xil_defaultlib.top_sim xil_defaultlib.glbl -log elaborate.log 
Using 2 slave threads.
Starting static elaboration
Completed static elaboration
Starting simulation data flow analysis
Completed simulation data flow analysis
Time Resolution for simulation is 1ps
Compiling module xil_defaultlib.div_rr
Compiling module xil_defaultlib.div_as
Compiling module xil_defaultlib.top
Compiling module xil_defaultlib.top_sim
Compiling module xil_defaultlib.glbl
Built simulation snapshot top_sim_behav
INFO: [USF-XSim-69] 'elaborate' step finished in '1' seconds
Vivado Simulator 2018.3
Time resolution is 1 ps
relaunch_sim
INFO: [Vivado 12-5682] Launching behavioral simulation in 'C:/Users/ZoeLee/Desktop/division/division.sim/sim_1/behav/xsim'
INFO: [SIM-utils-51] Simulation object is 'sim_1'
INFO: [SIM-utils-54] Inspecting design source files for 'top_sim' in fileset 'sim_1'...
INFO: [USF-XSim-97] Finding global include files...
INFO: [USF-XSim-98] Fetching design files from 'sim_1'...
INFO: [USF-XSim-2] XSim::Compile design
INFO: [USF-XSim-61] Executing 'COMPILE and ANALYZE' step in 'C:/Users/ZoeLee/Desktop/division/division.sim/sim_1/behav/xsim'
"xvlog --incr --relax -prj top_sim_vlog.prj"
INFO: [VRFC 10-2263] Analyzing Verilog file "C:/Users/ZoeLee/Desktop/division/division.srcs/sources_1/new/div_as.v" into library xil_defaultlib
INFO: [VRFC 10-311] analyzing module div_as
INFO: [VRFC 10-2263] Analyzing Verilog file "C:/Users/ZoeLee/Desktop/division/division.srcs/sources_1/new/div_rr.v" into library xil_defaultlib
INFO: [VRFC 10-311] analyzing module div_rr
INFO: [VRFC 10-2263] Analyzing Verilog file "C:/Users/ZoeLee/Desktop/division/division.srcs/sources_1/new/top.v" into library xil_defaultlib
INFO: [VRFC 10-311] analyzing module top
INFO: [VRFC 10-2263] Analyzing Verilog file "C:/Users/ZoeLee/Desktop/division/division.srcs/sim_1/new/top_sim.v" into library xil_defaultlib
INFO: [VRFC 10-311] analyzing module top_sim
INFO: [USF-XSim-69] 'compile' step finished in '1' seconds
INFO: [Vivado 12-5682] Launching behavioral simulation in 'C:/Users/ZoeLee/Desktop/division/division.sim/sim_1/behav/xsim'
INFO: [USF-XSim-3] XSim::Elaborate design
INFO: [USF-XSim-61] Executing 'ELABORATE' step in 'C:/Users/ZoeLee/Desktop/division/division.sim/sim_1/behav/xsim'
Vivado Simulator 2018.3
Copyright 1986-1999, 2001-2018 Xilinx, Inc. All Rights Reserved.
Running: E:/Xilinx/Vivado/2018.3/bin/unwrapped/win64.o/xelab.exe -wto 762f441930634bfc8de1d5f2052d4836 --incr --debug typical --relax --mt 2 -L xil_defaultlib -L unisims_ver -L unimacro_ver -L secureip --snapshot top_sim_behav xil_defaultlib.top_sim xil_defaultlib.glbl -log elaborate.log 
Using 2 slave threads.
Starting static elaboration
Completed static elaboration
Starting simulation data flow analysis
Completed simulation data flow analysis
Time Resolution for simulation is 1ps
Compiling module xil_defaultlib.div_rr
Compiling module xil_defaultlib.div_as
Compiling module xil_defaultlib.top
Compiling module xil_defaultlib.top_sim
Compiling module xil_defaultlib.glbl
Built simulation snapshot top_sim_behav
INFO: [USF-XSim-69] 'elaborate' step finished in '1' seconds
Vivado Simulator 2018.3
Time resolution is 1 ps
close_sim
INFO: [Simtcl 6-16] Simulation closed
exit
INFO: [Common 17-206] Exiting Vivado at Sat May 15 14:51:16 2021...
