#-----------------------------------------------------------
# Vivado v2018.3 (64-bit)
# SW Build 2405991 on Thu Dec  6 23:38:27 MST 2018
# IP Build 2404404 on Fri Dec  7 01:43:56 MST 2018
# Start of session at: Sat May 15 14:52:49 2021
# Process ID: 20760
# Current directory: F:/division
# Command line: vivado.exe -gui_launcher_event rodinguilauncherevent1244 F:\division\division.xpr
# Log file: F:/division/vivado.log
# Journal file: F:/division\vivado.jou
#-----------------------------------------------------------
start_gui
open_project F:/division/division.xpr
INFO: [Project 1-313] Project file moved from 'C:/Users/ZoeLee/Desktop/division' since last save.
Scanning sources...
Finished scanning sources
INFO: [IP_Flow 19-234] Refreshing IP repositories
INFO: [IP_Flow 19-1704] No user IP repositories specified
INFO: [IP_Flow 19-2313] Loaded Vivado IP repository 'E:/Xilinx/Vivado/2018.3/data/ip'.
update_compile_order -fileset sources_1
exit
INFO: [Common 17-206] Exiting Vivado at Sat May 15 14:53:14 2021...
